0 verbose cli C:\Program Files\nodejs\node.exe C:\Users\davi.lima\AppData\Roaming\npm\node_modules\npm\bin\npm-cli.js
1 info using npm@11.0.0
2 info using node@v22.11.0
3 silly config load:file:C:\Users\davi.lima\AppData\Roaming\npm\node_modules\npm\npmrc
4 silly config load:file:C:\Users\davi.lima\Downloads\GS-mobile\.npmrc
5 silly config load:file:C:\Users\davi.lima\.npmrc
6 silly config load:file:C:\Users\davi.lima\AppData\Roaming\npm\etc\npmrc
7 verbose title npm install axios @react-native-async-storage/async-storage
8 verbose argv "install" "axios" "@react-native-async-storage/async-storage"
9 verbose logfile logs-max:10 dir:C:\Users\davi.lima\Downloads\GS-mobile\tmpnodejsnpm-cache\_logs\2025-06-03T23_32_47_179Z-
10 verbose logfile C:\Users\davi.lima\Downloads\GS-mobile\tmpnodejsnpm-cache\_logs\2025-06-03T23_32_47_179Z-debug-0.log
11 silly logfile start cleaning logs, removing 1 files
12 silly packumentCache heap:2197815296 maxSize:549453824 maxEntrySize:274726912
13 silly logfile done cleaning log files
14 silly idealTree buildDeps
15 silly fetch manifest axios@*
16 silly packumentCache full:https://registry.npmjs.org/axios cache-miss
17 http fetch GET 200 https://registry.npmjs.org/axios 495ms (cache miss)
18 silly packumentCache full:https://registry.npmjs.org/axios set size:undefined disposed:false
19 silly fetch manifest @react-native-async-storage/async-storage@*
20 silly packumentCache full:https://registry.npmjs.org/@react-native-async-storage%2fasync-storage cache-miss
21 http fetch GET 200 https://registry.npmjs.org/@react-native-async-storage%2fasync-storage 221ms (cache miss)
22 silly packumentCache full:https://registry.npmjs.org/@react-native-async-storage%2fasync-storage set size:undefined disposed:false
23 silly fetch manifest react-native@0.79.2
24 silly packumentCache full:https://registry.npmjs.org/react-native cache-miss
25 http fetch GET 200 https://registry.npmjs.org/react-native 356ms (cache updated)
26 silly packumentCache full:https://registry.npmjs.org/react-native set size:undefined disposed:false
27 silly fetch manifest @types/react@^19.0.0
28 silly packumentCache full:https://registry.npmjs.org/@types%2freact cache-miss
29 http fetch GET 200 https://registry.npmjs.org/@types%2freact 89ms (cache revalidated)
30 silly packumentCache full:https://registry.npmjs.org/@types%2freact set size:2403615 disposed:false
31 silly fetch manifest react@19.0.0
32 silly packumentCache full:https://registry.npmjs.org/react cache-miss
33 http fetch GET 200 https://registry.npmjs.org/react 214ms (cache updated)
34 silly packumentCache full:https://registry.npmjs.org/react set size:undefined disposed:false
35 silly placeDep ROOT @react-native-async-storage/async-storage@2.1.2 OK for: gs-mobile@1.0.0 want: *
36 silly placeDep ROOT axios@1.9.0 OK for: gs-mobile@1.0.0 want: *
37 silly fetch manifest merge-options@^3.0.4
38 silly packumentCache full:https://registry.npmjs.org/merge-options cache-miss
39 silly fetch manifest follow-redirects@^1.15.6
40 silly packumentCache full:https://registry.npmjs.org/follow-redirects cache-miss
41 silly fetch manifest form-data@^4.0.0
42 silly packumentCache full:https://registry.npmjs.org/form-data cache-miss
43 silly fetch manifest proxy-from-env@^1.1.0
44 silly packumentCache full:https://registry.npmjs.org/proxy-from-env cache-miss
45 http fetch GET 200 https://registry.npmjs.org/merge-options 68ms (cache miss)
46 silly packumentCache full:https://registry.npmjs.org/merge-options set size:undefined disposed:false
47 http fetch GET 200 https://registry.npmjs.org/form-data 114ms (cache miss)
48 silly packumentCache full:https://registry.npmjs.org/form-data set size:undefined disposed:false
49 http fetch GET 200 https://registry.npmjs.org/follow-redirects 124ms (cache miss)
50 silly packumentCache full:https://registry.npmjs.org/follow-redirects set size:undefined disposed:false
51 http fetch GET 200 https://registry.npmjs.org/proxy-from-env 129ms (cache miss)
52 silly packumentCache full:https://registry.npmjs.org/proxy-from-env set size:undefined disposed:false
53 silly placeDep ROOT merge-options@3.0.4 OK for: @react-native-async-storage/async-storage@2.1.2 want: ^3.0.4
54 silly fetch manifest is-plain-obj@^2.1.0
55 silly packumentCache full:https://registry.npmjs.org/is-plain-obj cache-miss
56 http fetch GET 200 https://registry.npmjs.org/is-plain-obj 41ms (cache miss)
57 silly packumentCache full:https://registry.npmjs.org/is-plain-obj set size:undefined disposed:false
58 silly placeDep ROOT follow-redirects@1.15.9 OK for: axios@1.9.0 want: ^1.15.6
59 silly placeDep ROOT form-data@4.0.2 OK for: axios@1.9.0 want: ^4.0.0
60 silly placeDep ROOT proxy-from-env@1.1.0 OK for: axios@1.9.0 want: ^1.1.0
61 silly fetch manifest asynckit@^0.4.0
62 silly packumentCache full:https://registry.npmjs.org/asynckit cache-miss
63 silly fetch manifest combined-stream@^1.0.8
64 silly packumentCache full:https://registry.npmjs.org/combined-stream cache-miss
65 silly fetch manifest es-set-tostringtag@^2.1.0
66 silly packumentCache full:https://registry.npmjs.org/es-set-tostringtag cache-miss
67 http fetch GET 200 https://registry.npmjs.org/asynckit 51ms (cache miss)
68 silly packumentCache full:https://registry.npmjs.org/asynckit set size:undefined disposed:false
69 http fetch GET 200 https://registry.npmjs.org/combined-stream 53ms (cache miss)
70 silly packumentCache full:https://registry.npmjs.org/combined-stream set size:undefined disposed:false
71 http fetch GET 200 https://registry.npmjs.org/es-set-tostringtag 749ms (cache miss)
72 silly packumentCache full:https://registry.npmjs.org/es-set-tostringtag set size:undefined disposed:false
73 silly placeDep ROOT asynckit@0.4.0 OK for: form-data@4.0.2 want: ^0.4.0
74 silly placeDep ROOT combined-stream@1.0.8 OK for: form-data@4.0.2 want: ^1.0.8
75 silly placeDep ROOT es-set-tostringtag@2.1.0 OK for: form-data@4.0.2 want: ^2.1.0
76 silly fetch manifest delayed-stream@~1.0.0
77 silly packumentCache full:https://registry.npmjs.org/delayed-stream cache-miss
78 silly fetch manifest es-errors@^1.3.0
79 silly packumentCache full:https://registry.npmjs.org/es-errors cache-miss
80 silly fetch manifest get-intrinsic@^1.2.6
81 silly packumentCache full:https://registry.npmjs.org/get-intrinsic cache-miss
82 silly fetch manifest has-tostringtag@^1.0.2
83 silly packumentCache full:https://registry.npmjs.org/has-tostringtag cache-miss
84 http fetch GET 200 https://registry.npmjs.org/get-intrinsic 60ms (cache miss)
85 silly packumentCache full:https://registry.npmjs.org/get-intrinsic set size:undefined disposed:false
86 http fetch GET 200 https://registry.npmjs.org/es-errors 70ms (cache miss)
87 silly packumentCache full:https://registry.npmjs.org/es-errors set size:undefined disposed:false
88 http fetch GET 200 https://registry.npmjs.org/has-tostringtag 73ms (cache miss)
89 silly packumentCache full:https://registry.npmjs.org/has-tostringtag set size:undefined disposed:false
90 http fetch GET 200 https://registry.npmjs.org/delayed-stream 86ms (cache miss)
91 silly packumentCache full:https://registry.npmjs.org/delayed-stream set size:undefined disposed:false
92 silly placeDep ROOT delayed-stream@1.0.0 OK for: combined-stream@1.0.8 want: ~1.0.0
93 silly placeDep ROOT es-errors@1.3.0 OK for: es-set-tostringtag@2.1.0 want: ^1.3.0
94 silly placeDep ROOT get-intrinsic@1.3.0 OK for: es-set-tostringtag@2.1.0 want: ^1.2.6
95 silly placeDep ROOT has-tostringtag@1.0.2 OK for: es-set-tostringtag@2.1.0 want: ^1.0.2
96 silly fetch manifest call-bind-apply-helpers@^1.0.2
97 silly packumentCache full:https://registry.npmjs.org/call-bind-apply-helpers cache-miss
98 silly fetch manifest es-define-property@^1.0.1
99 silly packumentCache full:https://registry.npmjs.org/es-define-property cache-miss
100 silly fetch manifest es-object-atoms@^1.1.1
101 silly packumentCache full:https://registry.npmjs.org/es-object-atoms cache-miss
102 silly fetch manifest get-proto@^1.0.1
103 silly packumentCache full:https://registry.npmjs.org/get-proto cache-miss
104 silly fetch manifest gopd@^1.2.0
105 silly packumentCache full:https://registry.npmjs.org/gopd cache-miss
106 silly fetch manifest has-symbols@^1.1.0
107 silly packumentCache full:https://registry.npmjs.org/has-symbols cache-miss
108 silly fetch manifest math-intrinsics@^1.1.0
109 silly packumentCache full:https://registry.npmjs.org/math-intrinsics cache-miss
110 silly fetch manifest has-symbols@^1.0.3
111 silly packumentCache full:https://registry.npmjs.org/has-symbols cache-miss
112 http fetch GET 200 https://registry.npmjs.org/call-bind-apply-helpers 131ms (cache miss)
113 silly packumentCache full:https://registry.npmjs.org/call-bind-apply-helpers set size:undefined disposed:false
114 http fetch GET 200 https://registry.npmjs.org/es-define-property 136ms (cache miss)
115 silly packumentCache full:https://registry.npmjs.org/es-define-property set size:undefined disposed:false
116 http fetch GET 200 https://registry.npmjs.org/get-proto 145ms (cache miss)
117 silly packumentCache full:https://registry.npmjs.org/get-proto set size:undefined disposed:false
118 http fetch GET 200 https://registry.npmjs.org/es-object-atoms 150ms (cache miss)
119 silly packumentCache full:https://registry.npmjs.org/es-object-atoms set size:undefined disposed:false
120 http fetch GET 200 https://registry.npmjs.org/math-intrinsics 171ms (cache miss)
121 silly packumentCache full:https://registry.npmjs.org/math-intrinsics set size:undefined disposed:false
122 http fetch GET 200 https://registry.npmjs.org/gopd 174ms (cache miss)
123 silly packumentCache full:https://registry.npmjs.org/gopd set size:undefined disposed:false
124 http fetch GET 200 https://registry.npmjs.org/has-symbols 178ms (cache miss)
125 silly packumentCache full:https://registry.npmjs.org/has-symbols set size:undefined disposed:false
126 http fetch GET 200 https://registry.npmjs.org/has-symbols 183ms (cache miss)
127 silly packumentCache full:https://registry.npmjs.org/has-symbols set size:undefined disposed:false
128 silly placeDep ROOT call-bind-apply-helpers@1.0.2 OK for: get-intrinsic@1.3.0 want: ^1.0.2
129 silly placeDep ROOT es-define-property@1.0.1 OK for: get-intrinsic@1.3.0 want: ^1.0.1
130 silly placeDep ROOT es-object-atoms@1.1.1 OK for: get-intrinsic@1.3.0 want: ^1.1.1
131 silly placeDep ROOT get-proto@1.0.1 OK for: get-intrinsic@1.3.0 want: ^1.0.1
132 silly placeDep ROOT gopd@1.2.0 OK for: get-intrinsic@1.3.0 want: ^1.2.0
133 silly placeDep ROOT has-symbols@1.1.0 OK for: get-intrinsic@1.3.0 want: ^1.1.0
134 silly placeDep ROOT math-intrinsics@1.1.0 OK for: get-intrinsic@1.3.0 want: ^1.1.0
135 silly fetch manifest dunder-proto@^1.0.1
136 silly packumentCache full:https://registry.npmjs.org/dunder-proto cache-miss
137 http fetch GET 200 https://registry.npmjs.org/dunder-proto 45ms (cache miss)
138 silly packumentCache full:https://registry.npmjs.org/dunder-proto set size:undefined disposed:false
139 silly placeDep ROOT dunder-proto@1.0.1 OK for: get-proto@1.0.1 want: ^1.0.1
140 silly placeDep ROOT is-plain-obj@2.1.0 OK for: merge-options@3.0.4 want: ^2.1.0
141 silly reify moves {}
142 silly audit bulk request {
142 silly audit   '@0no-co/graphql.web': [ '1.1.2' ],
142 silly audit   '@ampproject/remapping': [ '2.3.0' ],
142 silly audit   '@babel/code-frame': [ '7.27.1', '7.10.4' ],
142 silly audit   '@babel/compat-data': [ '7.27.3' ],
142 silly audit   '@babel/core': [ '7.27.3' ],
142 silly audit   '@babel/generator': [ '7.27.3' ],
142 silly audit   '@babel/helper-annotate-as-pure': [ '7.27.3' ],
142 silly audit   '@babel/helper-compilation-targets': [ '7.27.2' ],
142 silly audit   '@babel/helper-create-class-features-plugin': [ '7.27.1' ],
142 silly audit   '@babel/helper-create-regexp-features-plugin': [ '7.27.1' ],
142 silly audit   '@babel/helper-define-polyfill-provider': [ '0.6.4' ],
142 silly audit   '@babel/helper-member-expression-to-functions': [ '7.27.1' ],
142 silly audit   '@babel/helper-module-imports': [ '7.27.1' ],
142 silly audit   '@babel/helper-module-transforms': [ '7.27.3' ],
142 silly audit   '@babel/helper-optimise-call-expression': [ '7.27.1' ],
142 silly audit   '@babel/helper-plugin-utils': [ '7.27.1' ],
142 silly audit   '@babel/helper-remap-async-to-generator': [ '7.27.1' ],
142 silly audit   '@babel/helper-replace-supers': [ '7.27.1' ],
142 silly audit   '@babel/helper-skip-transparent-expression-wrappers': [ '7.27.1' ],
142 silly audit   '@babel/helper-string-parser': [ '7.27.1' ],
142 silly audit   '@babel/helper-validator-identifier': [ '7.27.1' ],
142 silly audit   '@babel/helper-validator-option': [ '7.27.1' ],
142 silly audit   '@babel/helper-wrap-function': [ '7.27.1' ],
142 silly audit   '@babel/helpers': [ '7.27.3' ],
142 silly audit   '@babel/highlight': [ '7.25.9' ],
142 silly audit   'ansi-styles': [ '3.2.1', '6.2.1', '4.3.0', '5.2.0' ],
142 silly audit   chalk: [ '2.4.2', '4.1.2' ],
142 silly audit   'color-convert': [ '1.9.3', '2.0.1' ],
142 silly audit   'color-name': [ '1.1.3', '1.1.4' ],
142 silly audit   'escape-string-regexp': [ '1.0.5', '4.0.0', '2.0.0' ],
142 silly audit   'has-flag': [ '3.0.0', '4.0.0' ],
142 silly audit   'supports-color': [ '5.5.0', '8.1.1', '7.2.0' ],
142 silly audit   '@babel/parser': [ '7.27.3' ],
142 silly audit   '@babel/plugin-proposal-decorators': [ '7.27.1' ],
142 silly audit   '@babel/plugin-proposal-export-default-from': [ '7.27.1' ],
142 silly audit   '@babel/plugin-syntax-async-generators': [ '7.8.4' ],
142 silly audit   '@babel/plugin-syntax-bigint': [ '7.8.3' ],
142 silly audit   '@babel/plugin-syntax-class-properties': [ '7.12.13' ],
142 silly audit   '@babel/plugin-syntax-class-static-block': [ '7.14.5' ],
142 silly audit   '@babel/plugin-syntax-decorators': [ '7.27.1' ],
142 silly audit   '@babel/plugin-syntax-dynamic-import': [ '7.8.3' ],
142 silly audit   '@babel/plugin-syntax-export-default-from': [ '7.27.1' ],
142 silly audit   '@babel/plugin-syntax-flow': [ '7.27.1' ],
142 silly audit   '@babel/plugin-syntax-import-attributes': [ '7.27.1' ],
142 silly audit   '@babel/plugin-syntax-import-meta': [ '7.10.4' ],
142 silly audit   '@babel/plugin-syntax-json-strings': [ '7.8.3' ],
142 silly audit   '@babel/plugin-syntax-jsx': [ '7.27.1' ],
142 silly audit   '@babel/plugin-syntax-logical-assignment-operators': [ '7.10.4' ],
142 silly audit   '@babel/plugin-syntax-nullish-coalescing-operator': [ '7.8.3' ],
142 silly audit   '@babel/plugin-syntax-numeric-separator': [ '7.10.4' ],
142 silly audit   '@babel/plugin-syntax-object-rest-spread': [ '7.8.3' ],
142 silly audit   '@babel/plugin-syntax-optional-catch-binding': [ '7.8.3' ],
142 silly audit   '@babel/plugin-syntax-optional-chaining': [ '7.8.3' ],
142 silly audit   '@babel/plugin-syntax-private-property-in-object': [ '7.14.5' ],
142 silly audit   '@babel/plugin-syntax-top-level-await': [ '7.14.5' ],
142 silly audit   '@babel/plugin-syntax-typescript': [ '7.27.1' ],
142 silly audit   '@babel/plugin-transform-arrow-functions': [ '7.27.1' ],
142 silly audit   '@babel/plugin-transform-async-generator-functions': [ '7.27.1' ],
142 silly audit   '@babel/plugin-transform-async-to-generator': [ '7.27.1' ],
142 silly audit   '@babel/plugin-transform-block-scoping': [ '7.27.3' ],
142 silly audit   '@babel/plugin-transform-class-properties': [ '7.27.1' ],
142 silly audit   '@babel/plugin-transform-classes': [ '7.27.1' ],
142 silly audit   '@babel/plugin-transform-computed-properties': [ '7.27.1' ],
142 silly audit   '@babel/plugin-transform-destructuring': [ '7.27.3' ],
142 silly audit   '@babel/plugin-transform-export-namespace-from': [ '7.27.1' ],
142 silly audit   '@babel/plugin-transform-flow-strip-types': [ '7.27.1' ],
142 silly audit   '@babel/plugin-transform-for-of': [ '7.27.1' ],
142 silly audit   '@babel/plugin-transform-function-name': [ '7.27.1' ],
142 silly audit   '@babel/plugin-transform-literals': [ '7.27.1' ],
142 silly audit   '@babel/plugin-transform-logical-assignment-operators': [ '7.27.1' ],
142 silly audit   '@babel/plugin-transform-modules-commonjs': [ '7.27.1' ],
142 silly audit   '@babel/plugin-transform-named-capturing-groups-regex': [ '7.27.1' ],
142 silly audit   '@babel/plugin-transform-nullish-coalescing-operator': [ '7.27.1' ],
142 silly audit   '@babel/plugin-transform-numeric-separator': [ '7.27.1' ],
142 silly audit   '@babel/plugin-transform-object-rest-spread': [ '7.27.3' ],
142 silly audit   '@babel/plugin-transform-optional-catch-binding': [ '7.27.1' ],
142 silly audit   '@babel/plugin-transform-optional-chaining': [ '7.27.1' ],
142 silly audit   '@babel/plugin-transform-parameters': [ '7.27.1' ],
142 silly audit   '@babel/plugin-transform-private-methods': [ '7.27.1' ],
142 silly audit   '@babel/plugin-transform-private-property-in-object': [ '7.27.1' ],
142 silly audit   '@babel/plugin-transform-react-display-name': [ '7.27.1' ],
142 silly audit   '@babel/plugin-transform-react-jsx': [ '7.27.1' ],
142 silly audit   '@babel/plugin-transform-react-jsx-development': [ '7.27.1' ],
142 silly audit   '@babel/plugin-transform-react-jsx-self': [ '7.27.1' ],
142 silly audit   '@babel/plugin-transform-react-jsx-source': [ '7.27.1' ],
142 silly audit   '@babel/plugin-transform-react-pure-annotations': [ '7.27.1' ],
142 silly audit   '@babel/plugin-transform-regenerator': [ '7.27.1' ],
142 silly audit   '@babel/plugin-transform-runtime': [ '7.27.3' ],
142 silly audit   '@babel/plugin-transform-shorthand-properties': [ '7.27.1' ],
142 silly audit   '@babel/plugin-transform-spread': [ '7.27.1' ],
142 silly audit   '@babel/plugin-transform-sticky-regex': [ '7.27.1' ],
142 silly audit   '@babel/plugin-transform-template-literals': [ '7.27.1' ],
142 silly audit   '@babel/plugin-transform-typescript': [ '7.27.1' ],
142 silly audit   '@babel/plugin-transform-unicode-regex': [ '7.27.1' ],
142 silly audit   '@babel/preset-react': [ '7.27.1' ],
142 silly audit   '@babel/preset-typescript': [ '7.27.1' ],
142 silly audit   '@babel/runtime': [ '7.27.3' ],
142 silly audit   '@babel/template': [ '7.27.2' ],
142 silly audit   '@babel/traverse': [ '7.27.3' ],
142 silly audit   '@babel/types': [ '7.27.3' ],
142 silly audit   '@egjs/hammerjs': [ '2.0.17' ],
142 silly audit   '@expo/cli': [ '0.24.13' ],
142 silly audit   semver: [ '7.7.2', '6.3.1' ],
142 silly audit   '@expo/code-signing-certificates': [ '0.0.5' ],
142 silly audit   '@expo/config': [ '11.0.10' ],
142 silly audit   '@expo/config-plugins': [ '10.0.2' ],
142 silly audit   '@expo/config-types': [ '53.0.4' ],
142 silly audit   '@expo/devcert': [ '1.2.0' ],
142 silly audit   debug: [ '3.2.7', '2.6.9', '4.4.1' ],
142 silly audit   '@expo/env': [ '1.0.5' ],
142 silly audit   '@expo/fingerprint': [ '0.12.4' ],
142 silly audit   '@expo/image-utils': [ '0.7.4' ],
142 silly audit   '@expo/json-file': [ '9.1.4' ],
142 silly audit   '@expo/metro-config': [ '0.20.14' ],
142 silly audit   '@expo/osascript': [ '2.2.4' ],
142 silly audit   '@expo/package-manager': [ '1.8.4' ],
142 silly audit   '@expo/plist': [ '0.3.4' ],
142 silly audit   '@expo/prebuild-config': [ '9.0.6' ],
142 silly audit   '@expo/sdk-runtime-versions': [ '1.0.0' ],
142 silly audit   '@expo/spawn-async': [ '1.7.2' ],
142 silly audit   '@expo/sudo-prompt': [ '9.3.2' ],
142 silly audit   '@expo/vector-icons': [ '14.1.0' ],
142 silly audit   '@expo/ws-tunnel': [ '1.0.6' ],
142 silly audit   '@expo/xcpretty': [ '4.3.2' ],
142 silly audit   '@isaacs/cliui': [ '8.0.2' ],
142 silly audit   'wrap-ansi': [ '8.1.0', '7.0.0' ],
142 silly audit   '@isaacs/fs-minipass': [ '4.0.1' ],
142 silly audit   '@isaacs/ttlcache': [ '1.4.1' ],
142 silly audit   '@istanbuljs/load-nyc-config': [ '1.1.0' ],
142 silly audit   argparse: [ '1.0.10', '2.0.1' ],
142 silly audit   'find-up': [ '4.1.0', '5.0.0' ],
142 silly audit   'js-yaml': [ '3.14.1', '4.1.0' ],
142 silly audit   'locate-path': [ '5.0.0', '6.0.0' ],
142 silly audit   'p-limit': [ '2.3.0', '3.1.0' ],
142 silly audit   'p-locate': [ '4.1.0', '5.0.0' ],
142 silly audit   '@istanbuljs/schema': [ '0.1.3' ],
142 silly audit   '@jest/create-cache-key-function': [ '29.7.0' ],
142 silly audit   '@jest/environment': [ '29.7.0' ],
142 silly audit   '@jest/fake-timers': [ '29.7.0' ],
142 silly audit   '@jest/schemas': [ '29.6.3' ],
142 silly audit   '@jest/transform': [ '29.7.0' ],
142 silly audit   '@jest/types': [ '29.6.3' ],
142 silly audit   '@jridgewell/gen-mapping': [ '0.3.8' ],
142 silly audit   '@jridgewell/resolve-uri': [ '3.1.2' ],
142 silly audit   '@jridgewell/set-array': [ '1.2.1' ],
142 silly audit   '@jridgewell/source-map': [ '0.3.6' ],
142 silly audit   '@jridgewell/sourcemap-codec': [ '1.5.0' ],
142 silly audit   '@jridgewell/trace-mapping': [ '0.3.25' ],
142 silly audit   '@pkgjs/parseargs': [ '0.11.0' ],
142 silly audit   '@react-native/assets-registry': [ '0.79.2' ],
142 silly audit   '@react-native/babel-plugin-codegen': [ '0.79.2' ],
142 silly audit   '@react-native/babel-preset': [ '0.79.2' ],
142 silly audit   '@react-native/codegen': [ '0.79.2' ],
142 silly audit   'brace-expansion': [ '1.1.11', '2.0.1' ],
142 silly audit   glob: [ '7.2.3', '10.4.5' ],
142 silly audit   minimatch: [ '3.1.2', '9.0.5' ],
142 silly audit   '@react-native/community-cli-plugin': [ '0.79.2' ],
142 silly audit   ms: [ '2.0.0', '2.1.3' ],
142 silly audit   '@react-native/debugger-frontend': [ '0.79.2' ],
142 silly audit   '@react-native/dev-middleware': [ '0.79.2' ],
142 silly audit   ws: [ '6.2.3', '7.5.10', '8.18.2' ],
142 silly audit   '@react-native/gradle-plugin': [ '0.79.2' ],
142 silly audit   '@react-native/js-polyfills': [ '0.79.2' ],
142 silly audit   '@react-native/normalize-colors': [ '0.79.2' ],
142 silly audit   '@react-native/virtualized-lists': [ '0.79.2' ],
142 silly audit   '@react-navigation/core': [ '7.9.2' ],
142 silly audit   'react-is': [ '19.1.0', '16.13.1', '18.3.1' ],
142 silly audit   '@react-navigation/elements': [ '2.4.2' ],
142 silly audit   '@react-navigation/native': [ '7.1.9' ],
142 silly audit   '@react-navigation/native-stack': [ '7.3.13' ],
142 silly audit   '@react-navigation/routers': [ '7.3.7' ],
142 silly audit   '@react-navigation/stack': [ '7.3.2' ],
142 silly audit   '@sinclair/typebox': [ '0.27.8' ],
142 silly audit   '@sinonjs/commons': [ '3.0.1' ],
142 silly audit   '@sinonjs/fake-timers': [ '10.3.0' ],
142 silly audit   '@types/babel__core': [ '7.20.5' ],
142 silly audit   '@types/babel__generator': [ '7.27.0' ],
142 silly audit   '@types/babel__template': [ '7.4.4' ],
142 silly audit   '@types/babel__traverse': [ '7.20.7' ],
142 silly audit   '@types/graceful-fs': [ '4.1.9' ],
142 silly audit   '@types/hammerjs': [ '2.0.46' ],
142 silly audit   '@types/istanbul-lib-coverage': [ '2.0.6' ],
142 silly audit   '@types/istanbul-lib-report': [ '3.0.3' ],
142 silly audit   '@types/istanbul-reports': [ '3.0.4' ],
142 silly audit   '@types/node': [ '22.15.24' ],
142 silly audit   '@types/stack-utils': [ '2.0.3' ],
142 silly audit   '@types/yargs': [ '17.0.33' ],
142 silly audit   '@types/yargs-parser': [ '21.0.3' ],
142 silly audit   '@urql/core': [ '5.1.1' ],
142 silly audit   '@urql/exchange-retry': [ '1.3.1' ],
142 silly audit   '@xmldom/xmldom': [ '0.8.10' ],
142 silly audit   'abort-controller': [ '3.0.0' ],
142 silly audit   accepts: [ '1.3.8' ],
142 silly audit   acorn: [ '8.14.1' ],
142 silly audit   'agent-base': [ '7.1.3' ],
142 silly audit   anser: [ '1.4.10' ],
142 silly audit   'ansi-escapes': [ '4.3.2' ],
142 silly audit   'type-fest': [ '0.21.3', '0.7.1' ],
142 silly audit   'ansi-regex': [ '5.0.1', '4.1.1', '6.1.0' ],
142 silly audit   'any-promise': [ '1.3.0' ],
142 silly audit   anymatch: [ '3.1.3' ],
142 silly audit   picomatch: [ '2.3.1', '3.0.1' ],
142 silly audit   arg: [ '5.0.2' ],
142 silly audit   asap: [ '2.0.6' ],
142 silly audit   'async-limiter': [ '1.0.1' ],
142 silly audit   'babel-jest': [ '29.7.0' ],
142 silly audit   'babel-plugin-istanbul': [ '6.1.1' ],
142 silly audit   'babel-plugin-jest-hoist': [ '29.6.3' ],
142 silly audit   'babel-plugin-polyfill-corejs2': [ '0.4.13' ],
142 silly audit   'babel-plugin-polyfill-corejs3': [ '0.11.1' ],
142 silly audit   'babel-plugin-polyfill-regenerator': [ '0.6.4' ],
142 silly audit   'babel-plugin-react-native-web': [ '0.19.13' ],
142 silly audit   'babel-plugin-syntax-hermes-parser': [ '0.25.1' ],
142 silly audit   'babel-plugin-transform-flow-enums': [ '0.0.2' ],
142 silly audit   'babel-preset-current-node-syntax': [ '1.1.0' ],
142 silly audit   'babel-preset-expo': [ '13.1.11' ],
142 silly audit   'babel-preset-jest': [ '29.6.3' ],
142 silly audit   'balanced-match': [ '1.0.2' ],
142 silly audit   'base64-js': [ '1.5.1' ],
142 silly audit   'better-opn': [ '3.0.2' ],
142 silly audit   open: [ '8.4.2', '7.4.2' ],
142 silly audit   'big-integer': [ '1.6.52' ],
142 silly audit   'bignumber.js': [ '9.3.0' ],
142 silly audit   'bplist-creator': [ '0.1.0' ],
142 silly audit   'bplist-parser': [ '0.3.2', '0.3.1' ],
142 silly audit   braces: [ '3.0.3' ],
142 silly audit   browserslist: [ '4.25.0' ],
142 silly audit   bser: [ '2.1.1' ],
142 silly audit   buffer: [ '5.7.1' ],
142 silly audit   'buffer-from': [ '1.1.2' ],
142 silly audit   bytes: [ '3.1.2' ],
142 silly audit   'caller-callsite': [ '2.0.0' ],
142 silly audit   'caller-path': [ '2.0.0' ],
142 silly audit   callsites: [ '2.0.0' ],
142 silly audit   camelcase: [ '5.3.1', '6.3.0' ],
142 silly audit   'caniuse-lite': [ '1.0.30001720' ],
142 silly audit   chownr: [ '3.0.0' ],
142 silly audit   'chrome-launcher': [ '0.15.2' ],
142 silly audit   'chromium-edge-launcher': [ '0.2.0' ],
142 silly audit   'ci-info': [ '3.9.0', '2.0.0' ],
142 silly audit   'cli-cursor': [ '2.1.0' ],
142 silly audit   'cli-spinners': [ '2.9.2' ],
142 silly audit   cliui: [ '8.0.1' ],
142 silly audit   'emoji-regex': [ '8.0.0', '9.2.2' ],
142 silly audit   'string-width': [ '4.2.3', '5.1.2' ],
142 silly audit   'strip-ansi': [ '6.0.1', '5.2.0', '7.1.0' ],
142 silly audit   clone: [ '1.0.4' ],
142 silly audit   color: [ '4.2.3' ],
142 silly audit   'color-string': [ '1.9.1' ],
142 silly audit   commander: [ '7.2.0', '12.1.0', '4.1.1', '2.20.3' ],
142 silly audit   compressible: [ '2.0.18' ],
142 silly audit   compression: [ '1.8.0' ],
142 silly audit   negotiator: [ '0.6.4', '0.6.3' ],
142 silly audit   'concat-map': [ '0.0.1' ],
142 silly audit   connect: [ '3.7.0' ],
142 silly audit   'convert-source-map': [ '2.0.0' ],
142 silly audit   'core-js-compat': [ '3.42.0' ],
142 silly audit   cosmiconfig: [ '5.2.1' ],
142 silly audit   'cross-spawn': [ '7.0.6' ],
142 silly audit   'crypto-random-string': [ '2.0.0' ],
142 silly audit   'decode-uri-component': [ '0.2.2' ],
142 silly audit   'deep-extend': [ '0.6.0' ],
142 silly audit   deepmerge: [ '4.3.1' ],
142 silly audit   defaults: [ '1.0.4' ],
142 silly audit   'define-lazy-prop': [ '2.0.0' ],
142 silly audit   depd: [ '2.0.0' ],
142 silly audit   destroy: [ '1.2.0' ],
142 silly audit   'detect-libc': [ '1.0.3' ],
142 silly audit   dotenv: [ '16.4.7' ],
142 silly audit   'dotenv-expand': [ '11.0.7' ],
142 silly audit   eastasianwidth: [ '0.2.0' ],
142 silly audit   'ee-first': [ '1.1.1' ],
142 silly audit   'electron-to-chromium': [ '1.5.161' ],
142 silly audit   encodeurl: [ '1.0.2', '2.0.0' ],
142 silly audit   'env-editor': [ '0.4.2' ],
142 silly audit   'error-ex': [ '1.3.2' ],
142 silly audit   'error-stack-parser': [ '2.1.4' ],
142 silly audit   escalade: [ '3.2.0' ],
142 silly audit   'escape-html': [ '1.0.3' ],
142 silly audit   esprima: [ '4.0.1' ],
142 silly audit   etag: [ '1.8.1' ],
142 silly audit   'event-target-shim': [ '5.0.1' ],
142 silly audit   'exec-async': [ '2.2.0' ],
142 silly audit   expo: [ '53.0.9' ],
142 silly audit   'expo-asset': [ '11.1.5' ],
142 silly audit   'expo-constants': [ '17.1.6' ],
142 silly audit   'expo-file-system': [ '18.1.10' ],
142 silly audit   'expo-font': [ '13.3.1' ],
142 silly audit   'expo-keep-awake': [ '14.1.4' ],
142 silly audit   'expo-linear-gradient': [ '14.1.4' ],
142 silly audit   'expo-localization': [ '16.1.5' ],
142 silly audit   'expo-modules-autolinking': [ '2.1.10' ],
142 silly audit   'expo-modules-core': [ '2.3.13' ],
142 silly audit   'expo-status-bar': [ '2.2.3' ],
142 silly audit   'exponential-backoff': [ '3.1.2' ],
142 silly audit   'fast-deep-equal': [ '3.1.3' ],
142 silly audit   'fast-json-stable-stringify': [ '2.1.0' ],
142 silly audit   'fb-watchman': [ '2.0.2' ],
142 silly audit   'fill-range': [ '7.1.1' ],
142 silly audit   'filter-obj': [ '1.1.0' ],
142 silly audit   finalhandler: [ '1.1.2' ],
142 silly audit   'flow-enums-runtime': [ '0.0.6' ],
142 silly audit   fontfaceobserver: [ '2.3.0' ],
142 silly audit   'foreground-child': [ '3.3.1' ],
142 silly audit   'freeport-async': [ '2.0.0' ],
142 silly audit   fresh: [ '0.5.2' ],
142 silly audit   'fs.realpath': [ '1.0.0' ],
142 silly audit   fsevents: [ '2.3.3' ],
142 silly audit   'function-bind': [ '1.1.2' ],
142 silly audit   gensync: [ '1.0.0-beta.2' ],
142 silly audit   'get-caller-file': [ '2.0.5' ],
142 silly audit   'get-package-type': [ '0.1.0' ],
142 silly audit   getenv: [ '1.0.0' ],
142 silly audit   globals: [ '11.12.0' ],
142 silly audit   'graceful-fs': [ '4.2.11' ],
142 silly audit   hasown: [ '2.0.2' ],
142 silly audit   'hermes-estree': [ '0.25.1', '0.28.1' ],
142 silly audit   'hermes-parser': [ '0.25.1', '0.28.1' ],
142 silly audit   'hoist-non-react-statics': [ '3.3.2' ],
142 silly audit   'hosted-git-info': [ '7.0.2' ],
142 silly audit   'lru-cache': [ '10.4.3', '5.1.1' ],
142 silly audit   'http-errors': [ '2.0.0' ],
142 silly audit   statuses: [ '2.0.1', '1.5.0' ],
142 silly audit   'https-proxy-agent': [ '7.0.6' ],
142 silly audit   'i18n-js': [ '4.5.1' ],
142 silly audit   ieee754: [ '1.2.1' ],
142 silly audit   'image-size': [ '1.2.1' ],
142 silly audit   'import-fresh': [ '2.0.0' ],
142 silly audit   'resolve-from': [ '3.0.0', '5.0.0' ],
142 silly audit   imurmurhash: [ '0.1.4' ],
142 silly audit   inflight: [ '1.0.6' ],
142 silly audit   inherits: [ '2.0.4' ],
142 silly audit   ini: [ '1.3.8' ],
142 silly audit   invariant: [ '2.2.4' ],
142 silly audit   'is-arrayish': [ '0.2.1', '0.3.2' ],
142 silly audit   'is-core-module': [ '2.16.1' ],
142 silly audit   'is-directory': [ '0.3.1' ],
142 silly audit   'is-docker': [ '2.2.1' ],
142 silly audit   'is-fullwidth-code-point': [ '3.0.0' ],
142 silly audit   'is-number': [ '7.0.0' ],
142 silly audit   'is-wsl': [ '2.2.0' ],
142 silly audit   isexe: [ '2.0.0' ],
142 silly audit   'istanbul-lib-coverage': [ '3.2.2' ],
142 silly audit   'istanbul-lib-instrument': [ '5.2.1' ],
142 silly audit   jackspeak: [ '3.4.3' ],
142 silly audit   'jest-environment-node': [ '29.7.0' ],
142 silly audit   'jest-get-type': [ '29.6.3' ],
142 silly audit   'jest-haste-map': [ '29.7.0' ],
142 silly audit   'jest-message-util': [ '29.7.0' ],
142 silly audit   'jest-mock': [ '29.7.0' ],
142 silly audit   'jest-regex-util': [ '29.6.3' ],
142 silly audit   'jest-util': [ '29.7.0' ],
142 silly audit   'jest-validate': [ '29.7.0' ],
142 silly audit   'jest-worker': [ '29.7.0' ],
142 silly audit   'jimp-compact': [ '0.16.1' ],
142 silly audit   'js-tokens': [ '4.0.0' ],
142 silly audit   'jsc-safe-url': [ '0.2.4' ],
142 silly audit   jsesc: [ '3.1.0', '3.0.2' ],
142 silly audit   'json-parse-better-errors': [ '1.0.2' ],
142 silly audit   json5: [ '2.2.3' ],
142 silly audit   kleur: [ '3.0.3' ],
142 silly audit   'lan-network': [ '0.1.7' ],
142 silly audit   leven: [ '3.1.0' ],
142 silly audit   'lighthouse-logger': [ '1.4.2' ],
142 silly audit   lightningcss: [ '1.27.0' ],
142 silly audit   'lightningcss-darwin-arm64': [ '1.27.0' ],
142 silly audit   'lightningcss-darwin-x64': [ '1.27.0' ],
142 silly audit   'lightningcss-freebsd-x64': [ '1.27.0' ],
142 silly audit   'lightningcss-linux-arm-gnueabihf': [ '1.27.0' ],
142 silly audit   'lightningcss-linux-arm64-gnu': [ '1.27.0' ],
142 silly audit   'lightningcss-linux-arm64-musl': [ '1.27.0' ],
142 silly audit   'lightningcss-linux-x64-gnu': [ '1.27.0' ],
142 silly audit   'lightningcss-linux-x64-musl': [ '1.27.0' ],
142 silly audit   'lightningcss-win32-arm64-msvc': [ '1.27.0' ],
142 silly audit   'lightningcss-win32-x64-msvc': [ '1.27.0' ],
142 silly audit   'lines-and-columns': [ '1.2.4' ],
142 silly audit   lodash: [ '4.17.21' ],
142 silly audit   'lodash.debounce': [ '4.0.8' ],
142 silly audit   'lodash.throttle': [ '4.1.1' ],
142 silly audit   'log-symbols': [ '2.2.0' ],
142 silly audit   'loose-envify': [ '1.4.0' ],
142 silly audit   'make-plural': [ '7.4.0' ],
142 silly audit   makeerror: [ '1.0.12' ],
142 silly audit   marky: [ '1.3.0' ],
142 silly audit   'memoize-one': [ '5.2.1' ],
142 silly audit   'merge-stream': [ '2.0.0' ],
142 silly audit   metro: [ '0.82.4' ],
142 silly audit   'metro-babel-transformer': [ '0.82.4' ],
142 silly audit   'metro-cache': [ '0.82.4' ],
142 silly audit   'metro-cache-key': [ '0.82.4' ],
142 silly audit   'metro-config': [ '0.82.4' ],
142 silly audit   'metro-core': [ '0.82.4' ],
142 silly audit   'metro-file-map': [ '0.82.4' ],
142 silly audit   'metro-minify-terser': [ '0.82.4' ],
142 silly audit   'metro-resolver': [ '0.82.4' ],
142 silly audit   'metro-runtime': [ '0.82.4' ],
142 silly audit   'metro-source-map': [ '0.82.4' ],
142 silly audit   'metro-symbolicate': [ '0.82.4' ],
142 silly audit   'metro-transform-plugins': [ '0.82.4' ],
142 silly audit   'metro-transform-worker': [ '0.82.4' ],
142 silly audit   micromatch: [ '4.0.8' ],
142 silly audit   mime: [ '1.6.0' ],
142 silly audit   'mime-db': [ '1.54.0', '1.52.0' ],
142 silly audit   'mime-types': [ '2.1.35' ],
142 silly audit   'mimic-fn': [ '1.2.0' ],
142 silly audit   minimist: [ '1.2.8' ],
142 silly audit   minipass: [ '7.1.2' ],
142 silly audit   minizlib: [ '3.0.2' ],
142 silly audit   mkdirp: [ '1.0.4', '3.0.1' ],
142 silly audit   mz: [ '2.7.0' ],
142 silly audit   nanoid: [ '3.3.11' ],
142 silly audit   'nested-error-stacks': [ '2.0.1' ],
142 silly audit   'node-forge': [ '1.3.1' ],
142 silly audit   'node-int64': [ '0.4.0' ],
142 silly audit   'node-releases': [ '2.0.19' ],
142 silly audit   'normalize-path': [ '3.0.0' ],
142 silly audit   'npm-package-arg': [ '11.0.3' ],
142 silly audit   nullthrows: [ '1.1.1' ],
142 silly audit   ob1: [ '0.82.4' ],
142 silly audit   'object-assign': [ '4.1.1' ],
142 silly audit   'on-finished': [ '2.3.0', '2.4.1' ],
142 silly audit   'on-headers': [ '1.0.2' ],
142 silly audit   once: [ '1.4.0' ],
142 silly audit   onetime: [ '2.0.1' ],
142 silly audit   ora: [ '3.4.0' ],
142 silly audit   'p-try': [ '2.2.0' ],
142 silly audit   'package-json-from-dist': [ '1.0.1' ],
142 silly audit   'parse-json': [ '4.0.0' ],
142 silly audit   'parse-png': [ '2.1.0' ],
142 silly audit   parseurl: [ '1.3.3' ],
142 silly audit   'path-exists': [ '4.0.0' ],
142 silly audit   'path-is-absolute': [ '1.0.1' ],
142 silly audit   'path-key': [ '3.1.1' ],
142 silly audit   'path-parse': [ '1.0.7' ],
142 silly audit   'path-scurry': [ '1.11.1' ],
142 silly audit   picocolors: [ '1.1.1' ],
142 silly audit   pirates: [ '4.0.7' ],
142 silly audit   plist: [ '3.1.0' ],
142 silly audit   pngjs: [ '3.4.0' ],
142 silly audit   postcss: [ '8.4.49' ],
142 silly audit   'pretty-bytes': [ '5.6.0' ],
142 silly audit   'pretty-format': [ '29.7.0' ],
142 silly audit   'proc-log': [ '4.2.0' ],
142 silly audit   progress: [ '2.0.3' ],
142 silly audit   promise: [ '8.3.0' ],
142 silly audit   prompts: [ '2.4.2' ],
142 silly audit   punycode: [ '2.3.1' ],
142 silly audit   'qrcode-terminal': [ '0.11.0' ],
142 silly audit   'query-string': [ '7.1.3' ],
142 silly audit   queue: [ '6.0.2' ],
142 silly audit   'range-parser': [ '1.2.1' ],
142 silly audit   rc: [ '1.2.8' ],
142 silly audit   react: [ '19.0.0' ],
142 silly audit   'react-devtools-core': [ '6.1.2' ],
142 silly audit   'react-freeze': [ '1.0.4' ],
142 silly audit   'react-native': [ '0.79.2' ],
142 silly audit   'react-native-edge-to-edge': [ '1.6.0' ],
142 silly audit   'react-native-gesture-handler': [ '2.24.0' ],
142 silly audit   'react-native-is-edge-to-edge': [ '1.1.7' ],
142 silly audit   'react-native-linear-gradient': [ '2.8.3' ],
142 silly audit   'react-native-reanimated': [ '3.17.5' ],
142 silly audit   'react-native-safe-area-context': [ '5.4.0' ],
142 silly audit   'react-native-screens': [ '4.10.0' ],
142 silly audit   'react-refresh': [ '0.14.2' ],
142 silly audit   regenerate: [ '1.4.2' ],
142 silly audit   'regenerate-unicode-properties': [ '10.2.0' ],
142 silly audit   'regenerator-runtime': [ '0.13.11' ],
142 silly audit   'regexpu-core': [ '6.2.0' ],
142 silly audit   regjsgen: [ '0.8.0' ],
142 silly audit   regjsparser: [ '0.12.0' ],
142 silly audit   'require-directory': [ '2.1.1' ],
142 silly audit   'require-from-string': [ '2.0.2' ],
142 silly audit   requireg: [ '0.2.2' ],
142 silly audit   resolve: [ '1.7.1', '1.22.10' ],
142 silly audit   'resolve-workspace-root': [ '2.0.0' ],
142 silly audit   'resolve.exports': [ '2.0.3' ],
142 silly audit   'restore-cursor': [ '2.0.0' ],
142 silly audit   'signal-exit': [ '3.0.7', '4.1.0' ],
142 silly audit   rimraf: [ '3.0.2' ],
142 silly audit   'rtl-detect': [ '1.1.2' ],
142 silly audit   'safe-buffer': [ '5.2.1' ],
142 silly audit   sax: [ '1.4.1' ],
142 silly audit   scheduler: [ '0.25.0' ],
142 silly audit   send: [ '0.19.1', '0.19.0' ],
142 silly audit   'serialize-error': [ '2.1.0' ],
142 silly audit   'serve-static': [ '1.16.2' ],
142 silly audit   setprototypeof: [ '1.2.0' ],
142 silly audit   'shebang-command': [ '2.0.0' ],
142 silly audit   'shebang-regex': [ '3.0.0' ],
142 silly audit   'shell-quote': [ '1.8.2' ],
142 silly audit   'simple-plist': [ '1.3.1' ],
142 silly audit   'simple-swizzle': [ '0.2.2' ],
142 silly audit   sisteransi: [ '1.0.5' ],
142 silly audit   slash: [ '3.0.0' ],
142 silly audit   slugify: [ '1.6.6' ],
142 silly audit   'source-map': [ '0.5.7', '0.6.1' ],
142 silly audit   'source-map-js': [ '1.2.1' ],
142 silly audit   'source-map-support': [ '0.5.21' ],
142 silly audit   'split-on-first': [ '1.1.0' ],
142 silly audit   'sprintf-js': [ '1.0.3' ],
142 silly audit   'stack-utils': [ '2.0.6' ],
142 silly audit   stackframe: [ '1.3.4' ],
142 silly audit   'stacktrace-parser': [ '0.1.11' ],
142 silly audit   'stream-buffers': [ '2.2.0' ],
142 silly audit   'strict-uri-encode': [ '2.0.0' ],
142 silly audit   'strip-json-comments': [ '2.0.1' ],
142 silly audit   'structured-headers': [ '0.4.1' ],
142 silly audit   sucrase: [ '3.35.0' ],
142 silly audit   'supports-hyperlinks': [ '2.3.0' ],
142 silly audit   'supports-preserve-symlinks-flag': [ '1.0.0' ],
142 silly audit   tar: [ '7.4.3' ],
142 silly audit   yallist: [ '5.0.0', '3.1.1' ],
142 silly audit   'temp-dir': [ '2.0.0' ],
142 silly audit   'terminal-link': [ '2.1.1' ],
142 silly audit   terser: [ '5.40.0' ],
142 silly audit   'test-exclude': [ '6.0.0' ],
142 silly audit   thenify: [ '3.3.1' ],
142 silly audit   'thenify-all': [ '1.6.0' ],
142 silly audit   throat: [ '5.0.0' ],
142 silly audit   tmpl: [ '1.0.5' ],
142 silly audit   'to-regex-range': [ '5.0.1' ],
142 silly audit   toidentifier: [ '1.0.1' ],
142 silly audit   'ts-interface-checker': [ '0.1.13' ],
142 silly audit   'type-detect': [ '4.0.8' ],
142 silly audit   undici: [ '6.21.3' ],
142 silly audit   'undici-types': [ '6.21.0' ],
142 silly audit   'unicode-canonical-property-names-ecmascript': [ '2.0.1' ],
142 silly audit   'unicode-match-property-ecmascript': [ '2.0.0' ],
142 silly audit   'unicode-match-property-value-ecmascript': [ '2.2.0' ],
142 silly audit   'unicode-property-aliases-ecmascript': [ '2.1.0' ],
142 silly audit   'unique-string': [ '2.0.0' ],
142 silly audit   unpipe: [ '1.0.0' ],
142 silly audit   'update-browserslist-db': [ '1.1.3' ],
142 silly audit   'use-latest-callback': [ '0.2.3' ],
142 silly audit   'use-sync-external-store': [ '1.5.0' ],
142 silly audit   'utils-merge': [ '1.0.1' ],
142 silly audit   uuid: [ '7.0.3' ],
142 silly audit   'validate-npm-package-name': [ '5.0.1' ],
142 silly audit   vary: [ '1.1.2' ],
142 silly audit   vlq: [ '1.0.1' ],
142 silly audit   walker: [ '1.0.8' ],
142 silly audit   'warn-once': [ '0.1.1' ],
142 silly audit   wcwidth: [ '1.0.1' ],
142 silly audit   'webidl-conversions': [ '5.0.0' ],
142 silly audit   'whatwg-fetch': [ '3.6.20' ],
142 silly audit   'whatwg-url-without-unicode': [ '8.0.0-3' ],
142 silly audit   which: [ '2.0.2' ],
142 silly audit   wonka: [ '6.3.5' ],
142 silly audit   wrappy: [ '1.0.2' ],
142 silly audit   'write-file-atomic': [ '4.0.2' ],
142 silly audit   xcode: [ '3.0.1' ],
142 silly audit   xml2js: [ '0.6.0' ],
142 silly audit   xmlbuilder: [ '11.0.1', '15.1.1' ],
142 silly audit   y18n: [ '5.0.8' ],
142 silly audit   yargs: [ '17.7.2' ],
142 silly audit   'yargs-parser': [ '21.1.1' ],
142 silly audit   'yocto-queue': [ '0.1.0' ],
142 silly audit   '@react-native-async-storage/async-storage': [ '2.1.2' ],
142 silly audit   axios: [ '1.9.0' ],
142 silly audit   'merge-options': [ '3.0.4' ],
142 silly audit   'follow-redirects': [ '1.15.9' ],
142 silly audit   'form-data': [ '4.0.2' ],
142 silly audit   'proxy-from-env': [ '1.1.0' ],
142 silly audit   asynckit: [ '0.4.0' ],
142 silly audit   'combined-stream': [ '1.0.8' ],
142 silly audit   'es-set-tostringtag': [ '2.1.0' ],
142 silly audit   'delayed-stream': [ '1.0.0' ],
142 silly audit   'es-errors': [ '1.3.0' ],
142 silly audit   'get-intrinsic': [ '1.3.0' ],
142 silly audit   'has-tostringtag': [ '1.0.2' ],
142 silly audit   'call-bind-apply-helpers': [ '1.0.2' ],
142 silly audit   'es-define-property': [ '1.0.1' ],
142 silly audit   'es-object-atoms': [ '1.1.1' ],
142 silly audit   'get-proto': [ '1.0.1' ],
142 silly audit   gopd: [ '1.2.0' ],
142 silly audit   'has-symbols': [ '1.1.0' ],
142 silly audit   'math-intrinsics': [ '1.1.0' ],
142 silly audit   'dunder-proto': [ '1.0.1' ],
142 silly audit   'is-plain-obj': [ '2.1.0' ]
142 silly audit }
143 verbose reify failed optional dependency C:\Users\davi.lima\Downloads\GS-mobile\node_modules\lightningcss-win32-arm64-msvc
144 silly reify mark deleted [
144 silly reify   'C:\\Users\\davi.lima\\Downloads\\GS-mobile\\node_modules\\lightningcss-win32-arm64-msvc'
144 silly reify ]
145 verbose reify failed optional dependency C:\Users\davi.lima\Downloads\GS-mobile\node_modules\lightningcss-linux-x64-musl
146 silly reify mark deleted [
146 silly reify   'C:\\Users\\davi.lima\\Downloads\\GS-mobile\\node_modules\\lightningcss-linux-x64-musl'
146 silly reify ]
147 verbose reify failed optional dependency C:\Users\davi.lima\Downloads\GS-mobile\node_modules\lightningcss-linux-x64-gnu
148 silly reify mark deleted [
148 silly reify   'C:\\Users\\davi.lima\\Downloads\\GS-mobile\\node_modules\\lightningcss-linux-x64-gnu'
148 silly reify ]
149 verbose reify failed optional dependency C:\Users\davi.lima\Downloads\GS-mobile\node_modules\lightningcss-linux-arm64-musl
150 silly reify mark deleted [
150 silly reify   'C:\\Users\\davi.lima\\Downloads\\GS-mobile\\node_modules\\lightningcss-linux-arm64-musl'
150 silly reify ]
151 verbose reify failed optional dependency C:\Users\davi.lima\Downloads\GS-mobile\node_modules\lightningcss-linux-arm64-gnu
152 silly reify mark deleted [
152 silly reify   'C:\\Users\\davi.lima\\Downloads\\GS-mobile\\node_modules\\lightningcss-linux-arm64-gnu'
152 silly reify ]
153 verbose reify failed optional dependency C:\Users\davi.lima\Downloads\GS-mobile\node_modules\lightningcss-linux-arm-gnueabihf
154 silly reify mark deleted [
154 silly reify   'C:\\Users\\davi.lima\\Downloads\\GS-mobile\\node_modules\\lightningcss-linux-arm-gnueabihf'
154 silly reify ]
155 verbose reify failed optional dependency C:\Users\davi.lima\Downloads\GS-mobile\node_modules\lightningcss-freebsd-x64
156 silly reify mark deleted [
156 silly reify   'C:\\Users\\davi.lima\\Downloads\\GS-mobile\\node_modules\\lightningcss-freebsd-x64'
156 silly reify ]
157 verbose reify failed optional dependency C:\Users\davi.lima\Downloads\GS-mobile\node_modules\lightningcss-darwin-x64
158 silly reify mark deleted [
158 silly reify   'C:\\Users\\davi.lima\\Downloads\\GS-mobile\\node_modules\\lightningcss-darwin-x64'
158 silly reify ]
159 verbose reify failed optional dependency C:\Users\davi.lima\Downloads\GS-mobile\node_modules\lightningcss-darwin-arm64
160 silly reify mark deleted [
160 silly reify   'C:\\Users\\davi.lima\\Downloads\\GS-mobile\\node_modules\\lightningcss-darwin-arm64'
160 silly reify ]
161 verbose reify failed optional dependency C:\Users\davi.lima\Downloads\GS-mobile\node_modules\fsevents
162 silly reify mark deleted [
162 silly reify   'C:\\Users\\davi.lima\\Downloads\\GS-mobile\\node_modules\\fsevents'
162 silly reify ]
163 http cache is-plain-obj@https://registry.npmjs.org/is-plain-obj/-/is-plain-obj-2.1.0.tgz 0ms (cache hit)
164 http cache math-intrinsics@https://registry.npmjs.org/math-intrinsics/-/math-intrinsics-1.1.0.tgz 0ms (cache hit)
165 http cache dunder-proto@https://registry.npmjs.org/dunder-proto/-/dunder-proto-1.0.1.tgz 0ms (cache hit)
166 http cache has-symbols@https://registry.npmjs.org/has-symbols/-/has-symbols-1.1.0.tgz 0ms (cache hit)
167 http cache gopd@https://registry.npmjs.org/gopd/-/gopd-1.2.0.tgz 0ms (cache hit)
168 http cache es-object-atoms@https://registry.npmjs.org/es-object-atoms/-/es-object-atoms-1.1.1.tgz 0ms (cache hit)
169 http cache get-proto@https://registry.npmjs.org/get-proto/-/get-proto-1.0.1.tgz 0ms (cache hit)
170 http cache es-define-property@https://registry.npmjs.org/es-define-property/-/es-define-property-1.0.1.tgz 0ms (cache hit)
171 http cache has-tostringtag@https://registry.npmjs.org/has-tostringtag/-/has-tostringtag-1.0.2.tgz 0ms (cache hit)
172 http cache call-bind-apply-helpers@https://registry.npmjs.org/call-bind-apply-helpers/-/call-bind-apply-helpers-1.0.2.tgz 0ms (cache hit)
173 http cache get-intrinsic@https://registry.npmjs.org/get-intrinsic/-/get-intrinsic-1.3.0.tgz 1ms (cache hit)
174 http cache es-errors@https://registry.npmjs.org/es-errors/-/es-errors-1.3.0.tgz 0ms (cache hit)
175 http cache delayed-stream@https://registry.npmjs.org/delayed-stream/-/delayed-stream-1.0.0.tgz 0ms (cache hit)
176 http cache es-set-tostringtag@https://registry.npmjs.org/es-set-tostringtag/-/es-set-tostringtag-2.1.0.tgz 0ms (cache hit)
177 http cache combined-stream@https://registry.npmjs.org/combined-stream/-/combined-stream-1.0.8.tgz 0ms (cache hit)
178 http cache asynckit@https://registry.npmjs.org/asynckit/-/asynckit-0.4.0.tgz 0ms (cache hit)
179 http cache proxy-from-env@https://registry.npmjs.org/proxy-from-env/-/proxy-from-env-1.1.0.tgz 0ms (cache hit)
180 http cache form-data@https://registry.npmjs.org/form-data/-/form-data-4.0.2.tgz 0ms (cache hit)
181 http cache @react-native-async-storage/async-storage@https://registry.npmjs.org/@react-native-async-storage/async-storage/-/async-storage-2.1.2.tgz 0ms (cache hit)
182 http cache merge-options@https://registry.npmjs.org/merge-options/-/merge-options-3.0.4.tgz 0ms (cache hit)
183 http cache follow-redirects@https://registry.npmjs.org/follow-redirects/-/follow-redirects-1.15.9.tgz 0ms (cache hit)
184 silly tarball no local data for is-plain-obj@https://registry.npmjs.org/is-plain-obj/-/is-plain-obj-2.1.0.tgz. Extracting by manifest.
185 silly tarball no local data for math-intrinsics@https://registry.npmjs.org/math-intrinsics/-/math-intrinsics-1.1.0.tgz. Extracting by manifest.
186 silly tarball no local data for dunder-proto@https://registry.npmjs.org/dunder-proto/-/dunder-proto-1.0.1.tgz. Extracting by manifest.
187 silly tarball no local data for has-symbols@https://registry.npmjs.org/has-symbols/-/has-symbols-1.1.0.tgz. Extracting by manifest.
188 silly tarball no local data for gopd@https://registry.npmjs.org/gopd/-/gopd-1.2.0.tgz. Extracting by manifest.
189 http cache axios@https://registry.npmjs.org/axios/-/axios-1.9.0.tgz 0ms (cache hit)
190 silly tarball no local data for es-object-atoms@https://registry.npmjs.org/es-object-atoms/-/es-object-atoms-1.1.1.tgz. Extracting by manifest.
191 silly tarball no local data for get-proto@https://registry.npmjs.org/get-proto/-/get-proto-1.0.1.tgz. Extracting by manifest.
192 silly tarball no local data for es-define-property@https://registry.npmjs.org/es-define-property/-/es-define-property-1.0.1.tgz. Extracting by manifest.
193 silly tarball no local data for has-tostringtag@https://registry.npmjs.org/has-tostringtag/-/has-tostringtag-1.0.2.tgz. Extracting by manifest.
194 silly tarball no local data for call-bind-apply-helpers@https://registry.npmjs.org/call-bind-apply-helpers/-/call-bind-apply-helpers-1.0.2.tgz. Extracting by manifest.
195 silly tarball no local data for get-intrinsic@https://registry.npmjs.org/get-intrinsic/-/get-intrinsic-1.3.0.tgz. Extracting by manifest.
196 silly tarball no local data for es-errors@https://registry.npmjs.org/es-errors/-/es-errors-1.3.0.tgz. Extracting by manifest.
197 silly tarball no local data for delayed-stream@https://registry.npmjs.org/delayed-stream/-/delayed-stream-1.0.0.tgz. Extracting by manifest.
198 silly tarball no local data for es-set-tostringtag@https://registry.npmjs.org/es-set-tostringtag/-/es-set-tostringtag-2.1.0.tgz. Extracting by manifest.
199 silly tarball no local data for combined-stream@https://registry.npmjs.org/combined-stream/-/combined-stream-1.0.8.tgz. Extracting by manifest.
200 silly tarball no local data for asynckit@https://registry.npmjs.org/asynckit/-/asynckit-0.4.0.tgz. Extracting by manifest.
201 silly tarball no local data for proxy-from-env@https://registry.npmjs.org/proxy-from-env/-/proxy-from-env-1.1.0.tgz. Extracting by manifest.
202 silly tarball no local data for form-data@https://registry.npmjs.org/form-data/-/form-data-4.0.2.tgz. Extracting by manifest.
203 silly tarball no local data for @react-native-async-storage/async-storage@https://registry.npmjs.org/@react-native-async-storage/async-storage/-/async-storage-2.1.2.tgz. Extracting by manifest.
204 silly tarball no local data for merge-options@https://registry.npmjs.org/merge-options/-/merge-options-3.0.4.tgz. Extracting by manifest.
205 silly tarball no local data for follow-redirects@https://registry.npmjs.org/follow-redirects/-/follow-redirects-1.15.9.tgz. Extracting by manifest.
206 silly tarball no local data for axios@https://registry.npmjs.org/axios/-/axios-1.9.0.tgz. Extracting by manifest.
207 http fetch POST 200 https://registry.npmjs.org/-/npm/v1/security/advisories/bulk 328ms
208 silly audit report {}
209 http fetch GET 200 https://registry.npmjs.org/is-plain-obj/-/is-plain-obj-2.1.0.tgz 409ms (cache miss)
210 http fetch GET 200 https://registry.npmjs.org/combined-stream/-/combined-stream-1.0.8.tgz 464ms (cache miss)
211 http fetch GET 200 https://registry.npmjs.org/merge-options/-/merge-options-3.0.4.tgz 473ms (cache miss)
212 http fetch GET 200 https://registry.npmjs.org/delayed-stream/-/delayed-stream-1.0.0.tgz 490ms (cache miss)
213 http fetch GET 200 https://registry.npmjs.org/form-data/-/form-data-4.0.2.tgz 500ms (cache miss)
214 http fetch GET 200 https://registry.npmjs.org/proxy-from-env/-/proxy-from-env-1.1.0.tgz 556ms (cache miss)
215 http fetch GET 200 https://registry.npmjs.org/follow-redirects/-/follow-redirects-1.15.9.tgz 595ms (cache miss)
216 http fetch GET 200 https://registry.npmjs.org/gopd/-/gopd-1.2.0.tgz 621ms (cache miss)
217 http fetch GET 200 https://registry.npmjs.org/es-define-property/-/es-define-property-1.0.1.tgz 623ms (cache miss)
218 http fetch GET 200 https://registry.npmjs.org/es-set-tostringtag/-/es-set-tostringtag-2.1.0.tgz 641ms (cache miss)
219 http fetch GET 200 https://registry.npmjs.org/get-intrinsic/-/get-intrinsic-1.3.0.tgz 653ms (cache miss)
220 http fetch GET 200 https://registry.npmjs.org/get-proto/-/get-proto-1.0.1.tgz 683ms (cache miss)
221 http fetch GET 200 https://registry.npmjs.org/dunder-proto/-/dunder-proto-1.0.1.tgz 708ms (cache miss)
222 http fetch GET 200 https://registry.npmjs.org/es-object-atoms/-/es-object-atoms-1.1.1.tgz 716ms (cache miss)
223 http fetch GET 200 https://registry.npmjs.org/has-symbols/-/has-symbols-1.1.0.tgz 744ms (cache miss)
224 http fetch GET 200 https://registry.npmjs.org/has-tostringtag/-/has-tostringtag-1.0.2.tgz 745ms (cache miss)
225 http fetch GET 200 https://registry.npmjs.org/asynckit/-/asynckit-0.4.0.tgz 756ms (cache miss)
226 http fetch GET 200 https://registry.npmjs.org/call-bind-apply-helpers/-/call-bind-apply-helpers-1.0.2.tgz 766ms (cache miss)
227 http fetch GET 200 https://registry.npmjs.org/es-errors/-/es-errors-1.3.0.tgz 769ms (cache miss)
228 http fetch GET 200 https://registry.npmjs.org/math-intrinsics/-/math-intrinsics-1.1.0.tgz 832ms (cache miss)
229 http fetch GET 200 https://registry.npmjs.org/axios/-/axios-1.9.0.tgz 1372ms (cache miss)
230 http fetch GET 200 https://registry.npmjs.org/@react-native-async-storage/async-storage/-/async-storage-2.1.2.tgz 1535ms (cache miss)
231 silly ADD node_modules/is-plain-obj
232 silly ADD node_modules/dunder-proto
233 silly ADD node_modules/math-intrinsics
234 silly ADD node_modules/has-symbols
235 silly ADD node_modules/gopd
236 silly ADD node_modules/get-proto
237 silly ADD node_modules/es-object-atoms
238 silly ADD node_modules/es-define-property
239 silly ADD node_modules/call-bind-apply-helpers
240 silly ADD node_modules/has-tostringtag
241 silly ADD node_modules/get-intrinsic
242 silly ADD node_modules/es-errors
243 silly ADD node_modules/delayed-stream
244 silly ADD node_modules/es-set-tostringtag
245 silly ADD node_modules/combined-stream
246 silly ADD node_modules/asynckit
247 silly ADD node_modules/proxy-from-env
248 silly ADD node_modules/form-data
249 silly ADD node_modules/follow-redirects
250 silly ADD node_modules/merge-options
251 silly ADD node_modules/axios
252 silly ADD node_modules/@react-native-async-storage/async-storage
253 silly ADD
254 silly ADD
255 silly ADD
256 silly ADD
257 silly ADD
258 silly ADD
259 silly ADD
260 silly ADD
261 silly ADD
262 silly ADD
263 verbose cwd C:\Users\davi.lima\Downloads\GS-mobile
264 verbose os Windows_NT 10.0.22631
265 verbose node v22.11.0
266 verbose npm  v11.0.0
267 verbose exit 0
268 info ok
